<?xml version="1.0" encoding="UTF-8"?>
<!-- Generated by org.testng.reporters.JUnitXMLReporter -->
<testsuite ignored="3" hostname="LAPTOP-097695SD" failures="0" tests="1" name="ChromeTest" time="5.964" errors="0" timestamp="2023-06-13T11:28:23 IST">
  <testcase classname="com.obsqura.rMartMarket.SevenRmartSuperMarket.LoginTest" name="verifyWhetherTheUserIsAbleToLogInwithValidUsernameAndValidPasswordWhileClickingOnSignInButton" time="1.617"/>
  <testcase classname="com.obsqura.rMartMarket.SevenRmartSuperMarket.LoginTest" name="verifyWhetherTheUserIsAbleToLogInwithInValidUsernameAndValidPasswordWhileClickingOnSignInButton" time="0.0">
    <ignored/>
  </testcase> <!-- verifyWhetherTheUserIsAbleToLogInwithInValidUsernameAndValidPasswordWhileClickingOnSignInButton -->
  <testcase classname="com.obsqura.rMartMarket.SevenRmartSuperMarket.LoginTest" name="verifyWhetherTheUserIsAbleToLogInwithInValidUsernameAndInValidPasswordWhileClickingOnSignInButton" time="0.0">
    <ignored/>
  </testcase> <!-- verifyWhetherTheUserIsAbleToLogInwithInValidUsernameAndInValidPasswordWhileClickingOnSignInButton -->
  <testcase classname="com.obsqura.rMartMarket.SevenRmartSuperMarket.LoginTest" name="verifyWhetherTheUserIsAbleToLogInwithValidUsernameAndInValidPasswordWhileClickingOnSignInButton" time="0.0">
    <ignored/>
  </testcase> <!-- verifyWhetherTheUserIsAbleToLogInwithValidUsernameAndInValidPasswordWhileClickingOnSignInButton -->
</testsuite> <!-- ChromeTest -->
