<?xml version="1.0" encoding="UTF-8"?>
<!-- Generated by org.testng.reporters.JUnitXMLReporter -->
<testsuite ignored="3" hostname="LAPTOP-097695SD" failures="0" tests="1" name="EdgeTest" time="4.085" errors="0" timestamp="2023-06-13T11:28:27 IST">
  <testcase classname="com.obsqura.rMartMarket.SevenRmartSuperMarket.LoginTest" name="verifyWhetherTheUserIsAbleToLogInwithInValidUsernameAndValidPasswordWhileClickingOnSignInButton" time="0.616"/>
  <testcase classname="com.obsqura.rMartMarket.SevenRmartSuperMarket.LoginTest" name="verifyWhetherTheUserIsAbleToLogInwithValidUsernameAndValidPasswordWhileClickingOnSignInButton" time="0.0">
    <ignored/>
  </testcase> <!-- verifyWhetherTheUserIsAbleToLogInwithValidUsernameAndValidPasswordWhileClickingOnSignInButton -->
  <testcase classname="com.obsqura.rMartMarket.SevenRmartSuperMarket.LoginTest" name="verifyWhetherTheUserIsAbleToLogInwithValidUsernameAndInValidPasswordWhileClickingOnSignInButton" time="0.0">
    <ignored/>
  </testcase> <!-- verifyWhetherTheUserIsAbleToLogInwithValidUsernameAndInValidPasswordWhileClickingOnSignInButton -->
  <testcase classname="com.obsqura.rMartMarket.SevenRmartSuperMarket.LoginTest" name="verifyWhetherTheUserIsAbleToLogInwithInValidUsernameAndInValidPasswordWhileClickingOnSignInButton" time="0.0">
    <ignored/>
  </testcase> <!-- verifyWhetherTheUserIsAbleToLogInwithInValidUsernameAndInValidPasswordWhileClickingOnSignInButton -->
</testsuite> <!-- EdgeTest -->
