<?xml version="1.0" encoding="UTF-8"?>
<!-- Generated by org.testng.reporters.JUnitXMLReporter -->
<testsuite hostname="LAPTOP-097695SD" ignored="0" name="Test" tests="15" failures="0" timestamp="2023-06-18T20:37:09 IST" time="51.163" errors="0">
  <testcase name="verifyWhetherTheUserIsAbleToLogInwithValidUsernameAndValidPasswordWhileClickingOnSignInButton" time="1.315" classname="com.obsqura.rMartMarket.SevenRmartSuperMarket.LoginTest"/>
  <testcase name="verifyWhetherTheUserIsAbleToLogInwithInValidUsernameAndValidPasswordWhileClickingOnSignInButton" time="0.427" classname="com.obsqura.rMartMarket.SevenRmartSuperMarket.LoginTest"/>
  <testcase name="verifyWhetherTheUserIsAbleToLogInwithInValidUsernameAndInValidPasswordWhileClickingOnSignInButton" time="0.315" classname="com.obsqura.rMartMarket.SevenRmartSuperMarket.LoginTest"/>
  <testcase name="verifyWhetherTheUserIsAbleToLogInwithInValidUsernameAndInValidPasswordWhileClickingOnSignInButtonUsingDataProvider" time="0.316" classname="com.obsqura.rMartMarket.SevenRmartSuperMarket.LoginTest"/>
  <testcase name="verifyWhetherTheUserIsAbleToLogInwithInValidUsernameAndInValidPasswordWhileClickingOnSignInButtonUsingDataProvider" time="0.295" classname="com.obsqura.rMartMarket.SevenRmartSuperMarket.LoginTest"/>
  <testcase name="verifyWhetherUserCanAbleToAddNewDeleveryBoy" time="1.47" classname="com.obsqura.rMartMarket.SevenRmartSuperMarket.ManageDeliveryBoyTest"/>
  <testcase name="verifyUserCanAbleToAddNewUserInAdminUserPage" time="1.395" classname="com.obsqura.rMartMarket.SevenRmartSuperMarket.AdminUserTest"/>
  <testcase name="verifyWhetherLocationIsUpdatedInLocationPage" time="1.776" classname="com.obsqura.rMartMarket.SevenRmartSuperMarket.ManageLocationTest"/>
  <testcase name="verifyWhetherUserCanAbleToUPdateNewsInManageNewsPage" time="0.985" classname="com.obsqura.rMartMarket.SevenRmartSuperMarket.ManageNewsTest"/>
  <testcase name="verifyWhetherUserCanAbleToUpdateDateFromManageOrderPage" time="1.972" classname="com.obsqura.rMartMarket.SevenRmartSuperMarket.ManageOrderTest"/>
  <testcase name="verifyWhetherUserCanAbleToEditManageInfopage" time="1.485" classname="com.obsqura.rMartMarket.SevenRmartSuperMarket.ManagePageTest"/>
  <testcase name="verifyWhetherUserCanAbleToDeleteTitleFromManagePage" time="0.974" classname="com.obsqura.rMartMarket.SevenRmartSuperMarket.ManagePageTest"/>
  <testcase name="verifyWhetherUserCanAbleToSearchUsersInManageUserPage" time="1.278" classname="com.obsqura.rMartMarket.SevenRmartSuperMarket.ManageUserTest"/>
  <testcase name="verifyUserCanAbleToUploadFileInMobileSlider" time="1.572" classname="com.obsqura.rMartMarket.SevenRmartSuperMarket.MobileSliderTest"/>
  <testcase name="verifyWhetherUserCanAbleToLogOutFromApplication" time="0.738" classname="com.obsqura.rMartMarket.SevenRmartSuperMarket.HomeTest"/>
</testsuite> <!-- Test -->
