<?xml version="1.0" encoding="UTF-8"?>
<!-- Generated by org.testng.reporters.JUnitXMLReporter -->
<testsuite ignored="2" hostname="LAPTOP-097695SD" failures="2" tests="2" name="Test" time="12.016" errors="0" timestamp="2023-06-16T20:46:55 IST">
  <testcase classname="com.obsqura.rMartMarket.SevenRmartSuperMarket.LoginTest" name="verifyWhetherTheUserIsAbleToLogInwithValidUsernameAndValidPasswordWhileClickingOnSignInButton" time="0.291">
    <failure type="java.lang.NullPointerException">
      <![CDATA[java.lang.NullPointerException
at org.apache.poi.poifs.filesystem.FileMagic.prepareToCheckMagic(FileMagic.java:222)
at org.apache.poi.openxml4j.opc.internal.ZipHelper.openZipStream(ZipHelper.java:174)
at org.apache.poi.openxml4j.opc.ZipPackage.<init>(ZipPackage.java:130)
at org.apache.poi.openxml4j.opc.OPCPackage.open(OPCPackage.java:319)
at org.apache.poi.ooxml.util.PackageHelper.open(PackageHelper.java:59)
at org.apache.poi.xssf.usermodel.XSSFWorkbook.<init>(XSSFWorkbook.java:290)
at org.apache.poi.xssf.usermodel.XSSFWorkbook.<init>(XSSFWorkbook.java:286)
at com.obsqura.utilities.ExcelUtility.getString(ExcelUtility.java:95)
at com.obsqura.rMartMarket.SevenRmartSuperMarket.LoginTest.verifyWhetherTheUserIsAbleToLogInwithValidUsernameAndValidPasswordWhileClickingOnSignInButton(LoginTest.java:15)
at java.base/java.util.ArrayList.forEach(ArrayList.java:1541)
... Removed 27 stack frames]]>
    </failure>
  </testcase> <!-- verifyWhetherTheUserIsAbleToLogInwithValidUsernameAndValidPasswordWhileClickingOnSignInButton -->
  <testcase classname="com.obsqura.rMartMarket.SevenRmartSuperMarket.LoginTest" name="verifyWhetherTheUserIsAbleToLogInwithInValidUsernameAndValidPasswordWhileClickingOnSignInButton" time="0.005">
    <failure type="java.lang.NullPointerException">
      <![CDATA[java.lang.NullPointerException
at org.apache.poi.poifs.filesystem.FileMagic.prepareToCheckMagic(FileMagic.java:222)
at org.apache.poi.openxml4j.opc.internal.ZipHelper.openZipStream(ZipHelper.java:174)
at org.apache.poi.openxml4j.opc.ZipPackage.<init>(ZipPackage.java:130)
at org.apache.poi.openxml4j.opc.OPCPackage.open(OPCPackage.java:319)
at org.apache.poi.ooxml.util.PackageHelper.open(PackageHelper.java:59)
at org.apache.poi.xssf.usermodel.XSSFWorkbook.<init>(XSSFWorkbook.java:290)
at org.apache.poi.xssf.usermodel.XSSFWorkbook.<init>(XSSFWorkbook.java:286)
at com.obsqura.utilities.ExcelUtility.getString(ExcelUtility.java:95)
at com.obsqura.rMartMarket.SevenRmartSuperMarket.LoginTest.verifyWhetherTheUserIsAbleToLogInwithInValidUsernameAndValidPasswordWhileClickingOnSignInButton(LoginTest.java:23)
at java.base/java.util.ArrayList.forEach(ArrayList.java:1541)
... Removed 27 stack frames]]>
    </failure>
  </testcase> <!-- verifyWhetherTheUserIsAbleToLogInwithInValidUsernameAndValidPasswordWhileClickingOnSignInButton -->
  <testcase classname="com.obsqura.rMartMarket.SevenRmartSuperMarket.LoginTest" name="verifyWhetherTheUserIsAbleToLogInwithValidUsernameAndInValidPasswordWhileClickingOnSignInButton" time="0.0">
    <ignored/>
  </testcase> <!-- verifyWhetherTheUserIsAbleToLogInwithValidUsernameAndInValidPasswordWhileClickingOnSignInButton -->
  <testcase classname="com.obsqura.rMartMarket.SevenRmartSuperMarket.LoginTest" name="verifyWhetherTheUserIsAbleToLogInwithInValidUsernameAndInValidPasswordWhileClickingOnSignInButton" time="0.0">
    <ignored/>
  </testcase> <!-- verifyWhetherTheUserIsAbleToLogInwithInValidUsernameAndInValidPasswordWhileClickingOnSignInButton -->
</testsuite> <!-- Test -->
